Determining if the pthread_create exist failed with the following output:
Change Dir: /home/zjh/catkin_ws/build/CMakeFiles/CMakeTmp

Run Build Command:"/usr/bin/make" "cmTC_884ed/fast"
/usr/bin/make -f CMakeFiles/cmTC_884ed.dir/build.make CMakeFiles/cmTC_884ed.dir/build
make[1]: Entering directory '/home/zjh/catkin_ws/build/CMakeFiles/CMakeTmp'
Building C object CMakeFiles/cmTC_884ed.dir/CheckSymbolExists.c.o
/usr/bin/cc     -o CMakeFiles/cmTC_884ed.dir/CheckSymbolExists.c.o   -c /home/zjh/catkin_ws/build/CMakeFiles/CMakeTmp/CheckSymbolExists.c
Linking C executable cmTC_884ed
/usr/bin/cmake -E cmake_link_script CMakeFiles/cmTC_884ed.dir/link.txt --verbose=1
/usr/bin/cc       CMakeFiles/cmTC_884ed.dir/CheckSymbolExists.c.o  -o cmTC_884ed -rdynamic 
CMakeFiles/cmTC_884ed.dir/CheckSymbolExists.c.o: In function `main':
CheckSymbolExists.c:(.text+0x16): undefined reference to `pthread_create'
collect2: error: ld returned 1 exit status
CMakeFiles/cmTC_884ed.dir/build.make:97: recipe for target 'cmTC_884ed' failed
make[1]: *** [cmTC_884ed] Error 1
make[1]: Leaving directory '/home/zjh/catkin_ws/build/CMakeFiles/CMakeTmp'
Makefile:126: recipe for target 'cmTC_884ed/fast' failed
make: *** [cmTC_884ed/fast] Error 2

File /home/zjh/catkin_ws/build/CMakeFiles/CMakeTmp/CheckSymbolExists.c:
/* */
#include <pthread.h>

int main(int argc, char** argv)
{
  (void)argv;
#ifndef pthread_create
  return ((int*)(&pthread_create))[argc];
#else
  (void)argc;
  return 0;
#endif
}

Determining if the function pthread_create exists in the pthreads failed with the following output:
Change Dir: /home/zjh/catkin_ws/build/CMakeFiles/CMakeTmp

Run Build Command:"/usr/bin/make" "cmTC_5174e/fast"
/usr/bin/make -f CMakeFiles/cmTC_5174e.dir/build.make CMakeFiles/cmTC_5174e.dir/build
make[1]: Entering directory '/home/zjh/catkin_ws/build/CMakeFiles/CMakeTmp'
Building C object CMakeFiles/cmTC_5174e.dir/CheckFunctionExists.c.o
/usr/bin/cc    -DCHECK_FUNCTION_EXISTS=pthread_create   -o CMakeFiles/cmTC_5174e.dir/CheckFunctionExists.c.o   -c /usr/share/cmake-3.5/Modules/CheckFunctionExists.c
Linking C executable cmTC_5174e
/usr/bin/cmake -E cmake_link_script CMakeFiles/cmTC_5174e.dir/link.txt --verbose=1
/usr/bin/cc   -DCHECK_FUNCTION_EXISTS=pthread_create    CMakeFiles/cmTC_5174e.dir/CheckFunctionExists.c.o  -o cmTC_5174e -rdynamic -lpthreads 
/usr/bin/ld: cannot find -lpthreads
collect2: error: ld returned 1 exit status
CMakeFiles/cmTC_5174e.dir/build.make:97: recipe for target 'cmTC_5174e' failed
make[1]: *** [cmTC_5174e] Error 1
make[1]: Leaving directory '/home/zjh/catkin_ws/build/CMakeFiles/CMakeTmp'
Makefile:126: recipe for target 'cmTC_5174e/fast' failed
make: *** [cmTC_5174e/fast] Error 2


